number,value,datetime_start,datetime_complete,duration,params_attention_heads,params_colonization_expert_weight,params_colonization_threshold,params_colonization_weight,params_coord_embed_base,params_decline_expert_weight,params_decline_threshold,params_decline_weight,params_dropout_rate,params_hidden_dim_1_base,params_hidden_dim_2_base,params_hidden_dim_3_base,params_jump_expert_weight,params_jump_threshold,params_jump_weight,params_learning_rate,params_pde_expert_weight,params_pde_weight,params_weight_decay,state
0,559.1234293996864,2025-04-12 20:25:00.956868,2025-04-12 20:39:50.839859,0 days 00:14:49.882991,4,0.846470458309974,0.05871254182522992,6.41003510568888,3,0.5849356442713105,86.59541126403374,2.636424704863906,0.16239780813448107,31,13,6,0.508233797718321,156.21088666940682,9.72918866945795,0.00011207606211860574,0.47336180394137356,3.7381801866358395,1.9762189340280077e-06,COMPLETE
1,494.3088016218082,2025-04-12 20:25:00.983018,2025-04-12 20:57:16.612001,0 days 00:32:15.628983,4,0.846470458309974,0.05871254182522992,6.41003510568888,3,0.5849356442713105,86.59541126403374,2.636424704863906,0.16239780813448107,31,13,6,0.508233797718321,156.21088666940682,9.72918866945795,0.00011207606211860574,0.47336180394137356,3.7381801866358395,1.9762189340280077e-06,COMPLETE
2,520.1634073452369,2025-04-12 20:25:00.997121,2025-04-12 21:14:43.126612,0 days 00:49:42.129491,4,0.846470458309974,0.05871254182522992,6.41003510568888,3,0.5849356442713105,86.59541126403374,2.636424704863906,0.16239780813448107,31,13,6,0.508233797718321,156.21088666940682,9.72918866945795,0.00011207606211860574,0.47336180394137356,3.7381801866358395,1.9762189340280077e-06,COMPLETE
3,474.63194460962814,2025-04-12 20:25:01.013504,2025-04-12 21:32:10.330805,0 days 01:07:09.317301,4,0.846470458309974,0.05871254182522992,6.41003510568888,3,0.5849356442713105,86.59541126403374,2.636424704863906,0.16239780813448107,31,13,6,0.508233797718321,156.21088666940682,9.72918866945795,0.00011207606211860574,0.47336180394137356,3.7381801866358395,1.9762189340280077e-06,COMPLETE
4,488.15761127012536,2025-04-12 20:25:01.030295,2025-04-12 21:49:44.645979,0 days 01:24:43.615684,4,0.846470458309974,0.05871254182522992,6.41003510568888,3,0.5849356442713105,86.59541126403374,2.636424704863906,0.16239780813448107,31,13,6,0.508233797718321,156.21088666940682,9.72918866945795,0.00011207606211860574,0.47336180394137356,3.7381801866358395,1.9762189340280077e-06,COMPLETE
5,795.4234907770309,2025-04-12 20:25:01.046948,2025-04-12 21:53:36.730561,0 days 01:28:35.683613,4,0.846470458309974,0.05871254182522992,6.41003510568888,3,0.5849356442713105,86.59541126403374,2.636424704863906,0.16239780813448107,31,13,6,0.508233797718321,156.21088666940682,9.72918866945795,0.00011207606211860574,0.47336180394137356,3.7381801866358395,1.9762189340280077e-06,COMPLETE
6,665.143384733606,2025-04-12 20:25:01.063006,2025-04-12 21:57:50.137477,0 days 01:32:49.074471,4,0.846470458309974,0.05871254182522992,6.41003510568888,3,0.5849356442713105,86.59541126403374,2.636424704863906,0.16239780813448107,31,13,6,0.508233797718321,156.21088666940682,9.72918866945795,0.00011207606211860574,0.47336180394137356,3.7381801866358395,1.9762189340280077e-06,COMPLETE
7,679.6152723887593,2025-04-12 20:25:01.078519,2025-04-12 22:01:42.876954,0 days 01:36:41.798435,4,0.846470458309974,0.05871254182522992,6.41003510568888,3,0.5849356442713105,86.59541126403374,2.636424704863906,0.16239780813448107,31,13,6,0.508233797718321,156.21088666940682,9.72918866945795,0.00011207606211860574,0.47336180394137356,3.7381801866358395,1.9762189340280077e-06,COMPLETE
8,680.6773574912329,2025-04-12 20:25:01.094330,2025-04-12 22:05:35.365315,0 days 01:40:34.270985,4,0.846470458309974,0.05871254182522992,6.41003510568888,3,0.5849356442713105,86.59541126403374,2.636424704863906,0.16239780813448107,31,13,6,0.508233797718321,156.21088666940682,9.72918866945795,0.00011207606211860574,0.47336180394137356,3.7381801866358395,1.9762189340280077e-06,COMPLETE
9,641.3716737102619,2025-04-12 20:25:01.111148,2025-04-12 22:10:09.708044,0 days 01:45:08.596896,4,0.846470458309974,0.05871254182522992,6.41003510568888,3,0.5849356442713105,86.59541126403374,2.636424704863906,0.16239780813448107,31,13,6,0.508233797718321,156.21088666940682,9.72918866945795,0.00011207606211860574,0.47336180394137356,3.7381801866358395,1.9762189340280077e-06,COMPLETE
10,592.0126371273105,2025-04-12 20:25:01.126417,2025-04-12 22:16:07.150418,0 days 01:51:06.024001,7,0.5296480713060737,0.193965611891813,9.522656887511342,7,0.8124897805145396,37.65404112669709,8.212185656078328,0.4630659181130071,8,6,3,0.878204789548042,84.72528082300295,2.2703898624335253,0.0004993637883601218,0.7144299083451704,7.943328122319691,2.214396068504149e-07,COMPLETE
11,1585.805553600235,2025-04-12 20:25:01.139703,2025-04-12 22:19:58.910953,0 days 01:54:57.771250,2,0.7375386315314675,0.10232639337607534,2.9492362457018393,5,0.6971457481268195,64.3373971841306,5.2544260599215376,0.2753991977825756,22,16,8,0.6358350704309181,198.8740092569891,7.259174438107952,2.5508754249827804e-05,0.5855975253875391,1.1807419121509417,1.6486581733805815e-05,COMPLETE
12,476.69037086590083,2025-04-12 20:25:01.153441,2025-04-12 22:35:03.513897,0 days 02:10:02.360456,6,0.7375386315314675,0.09865901148564998,4.013156586009125,5,0.6971457481268195,66.27547611551614,5.083062055825858,0.2753991977825756,25,9,4,0.6175209522347848,109.2620316434298,7.259174438107952,0.0003429667321326434,0.5855975253875391,6.15961879886106,2.967773209962217e-07,COMPLETE
13,516.6689931942278,2025-04-12 20:25:01.166778,2025-04-12 22:44:33.351408,0 days 02:19:32.184630,7,0.7197213913395483,0.10148634053251862,3.957963373277293,5,0.6973234646653289,65.49390825002466,5.2544260599215376,0.28101828772896026,24,8,3,0.6123043816958816,106.9406365130335,7.274403085060849,0.0003928025332222,0.5972673213806948,6.638996847270607,2.4772555771555616e-07,COMPLETE
14,542.8998258849659,2025-04-12 20:25:01.179920,2025-04-12 22:55:48.852187,0 days 02:30:47.672267,6,0.6435973826214701,0.09552251906073074,4.013156586009125,7,0.779911231003659,49.55994645613383,6.769917156070596,0.36631594314751786,26,10,4,0.6123043816958816,51.976509869501044,7.342340404250017,0.0009886870381193046,0.6563058949120363,9.6912271054402,4.7257073745753864e-07,COMPLETE
15,952.4968077610004,2025-04-12 20:25:01.193576,2025-04-12 22:59:41.226438,0 days 02:34:40.032862,8,0.7769479467834559,0.13590388119697527,8.93053359792161,6,0.6595907080922859,74.25427747155432,4.082643943639809,0.23754701764520592,26,4,2,0.7278184113677527,128.9888083091715,4.959542840754541,4.038549892854383e-05,0.5394894580093814,6.097922950796916,1.0606791618730041e-05,COMPLETE
16,756.3740561932583,2025-04-12 20:25:01.207279,2025-04-12 23:03:33.414084,0 days 02:38:32.206805,2,0.6435973826214701,0.13209017466799233,1.8727190177345139,5,0.5271288452551053,52.35994052974628,4.082643943639809,0.36631594314751786,11,10,8,0.6831377837068595,128.9888083091715,6.0021804638487115,0.0002672093765641602,0.7742247504325699,2.0782176795602387,4.5594072390214954e-05,COMPLETE
17,429.116464999427,2025-04-12 20:25:01.220715,2025-04-12 23:21:10.980499,0 days 02:56:09.759784,6,0.7769479467834559,0.08136253205020105,8.05266659034115,2,0.85621601194762,74.25427747155432,6.769917156070596,0.23754701764520592,20,10,4,0.5681139558702257,185.56933062720324,8.28611953486444,0.00023689089570144521,0.5394894580093814,5.172326697890094,6.323728543271069e-07,COMPLETE
18,959.4350144822913,2025-04-12 20:25:01.234190,2025-04-12 23:25:02.757961,0 days 03:00:01.523771,6,0.8922566863986378,0.08211734024353566,8.05266659034115,2,0.85621601194762,74.79720483967803,9.197189852611936,0.2202259292197384,17,16,4,0.5681139558702257,199.53844357894187,8.428747610454728,4.665554536020021e-05,0.4179818655985018,5.172326697890094,6.323728543271069e-07,COMPLETE
19,613.2454347804345,2025-04-12 20:25:01.248205,2025-04-12 23:29:15.964143,0 days 03:04:14.715938,5,0.656981156841053,0.08211734024353566,8.05266659034115,2,0.7787113433222992,74.79720483967803,6.992970186456055,0.11549007998447319,17,11,5,0.7652366935026803,185.56933062720324,8.428747610454728,0.0002175389305005765,0.529750818372629,5.172326697890094,1.1797776225645341e-07,COMPLETE
20,718.2021172936257,2025-04-12 20:25:01.261771,2025-04-12 23:33:07.873117,0 days 03:08:06.611346,3,0.8046915683028197,0.16237921173134146,7.730352953321189,4,0.6435145190038787,94.52121607616272,6.992970186456055,0.329832058620782,18,11,7,0.5681139558702257,185.56933062720324,4.204821010014943,0.00020540573225365976,0.4179818655985018,2.4404846319239706,6.379953550240584e-06,COMPLETE
21,473.00281546558034,2025-04-12 20:25:01.275317,2025-04-12 23:50:40.442716,0 days 03:25:39.167399,6,0.7496334108689462,0.08177116152095935,4.893645791055788,2,0.8752635520425553,56.63488978961597,4.082643943639809,0.22067648570337164,27,9,4,0.5729870804597332,106.9406365130335,8.33666691358593,0.0007160466223042797,0.5499684937633444,7.209013810147226,7.206490510225727e-07,COMPLETE
22,499.46085132818246,2025-04-12 20:25:01.289222,2025-04-12 23:57:42.435229,0 days 03:32:41.146007,5,0.7832310409205215,0.08217763159014618,5.451798712798487,2,0.8867868027168015,55.00332018315382,1.6052198921794223,0.22067648570337164,28,8,5,0.5680056997187877,174.6705046372748,8.33666691358593,0.000816838850641708,0.5273145000499233,7.52701978117769,8.787440510411085e-07,COMPLETE
23,493.0496581469291,2025-04-12 20:25:01.302980,2025-04-13 00:08:14.749514,0 days 03:43:13.446534,7,0.6776560386490043,0.11756836294969025,5.451798712798487,2,0.839642614425838,42.75800464842034,4.082643943639809,0.11549007998447319,21,6,3,0.5680056997187877,84.72528082300295,6.0267225770136115,0.0006297837941120718,0.6409727260840631,8.786235180507717,8.787440510411085e-07,COMPLETE
24,895.2103790468683,2025-04-12 20:25:01.316797,2025-04-13 00:12:06.672390,0 days 03:47:05.355593,6,0.7749681922947965,0.07335232846260822,4.663134133398969,4,0.8867868027168015,94.89050868323766,6.058493185552349,0.24207740371623904,28,11,4,0.6670156546721293,136.37869757429138,8.721133682228713,5.2781919250286996e-05,0.5570836496082222,4.818615839338889,4.511687286114974e-06,COMPLETE
25,647.3047254566003,2025-04-12 20:25:01.330615,2025-04-13 00:16:19.934105,0 days 03:51:18.603490,5,0.8929196214807845,0.11617241778806746,7.530348858621305,4,0.7761719527508908,78.01987361519173,1.6052198921794223,0.20381394418650706,13,8,5,0.7942199493824375,174.6705046372748,8.828098767694765,0.00018455310862724113,0.6409727260840631,7.209013810147226,8.787440510411085e-07,COMPLETE
26,676.4535730250643,2025-04-12 20:25:01.345071,2025-04-13 00:20:11.712071,0 days 03:55:10.367000,5,0.8929196214807845,0.11617241778806746,7.530348858621305,4,0.7761719527508908,78.01987361519173,1.6052198921794223,0.20381394418650706,13,8,5,0.7942199493824375,174.6705046372748,8.828098767694765,0.00018455310862724113,0.6409727260840631,7.209013810147226,8.787440510411085e-07,COMPLETE
27,493.80128182279174,2025-04-12 20:25:01.359159,2025-04-13 00:31:26.310501,0 days 04:06:24.951342,8,0.7015784755316583,0.07335232846260822,8.891254675363855,2,0.5273081880110044,58.84633264633351,4.534553672677616,0.30989556908201255,28,6,2,0.5423408682778559,106.9406365130335,7.726547685746881,0.0006297837941120718,0.5140637646050208,5.8354191749275035,4.1865220743249695e-07,COMPLETE
28,605.4623728632588,2025-04-12 20:25:01.373487,2025-04-13 00:36:21.490752,0 days 04:11:20.117265,3,0.7496334108689462,0.07335232846260822,4.663134133398969,2,0.8149973430967209,68.94489984300037,6.058493185552349,0.4630659181130071,23,10,7,0.5423408682778559,84.72528082300295,6.471306967487959,0.00031372672221934684,0.5614291722328522,4.818615839338889,1.2357837456236379e-07,COMPLETE
29,1209.75549281921,2025-04-12 20:25:01.387878,2025-04-13 00:40:13.622854,0 days 04:15:12.234976,7,0.7861682416902296,0.08831651881477984,7.118751035769721,2,0.6387965588919604,42.86834467560792,3.3604424093201826,0.196536258429775,18,9,3,0.6417636722881681,117.65988254295556,2.2703898624335253,2.0521938549507283e-05,0.42998245293685233,8.111556804050537,3.887262559574451e-06,COMPLETE
30,562.8815116324528,2025-04-12 20:25:01.401931,2025-04-13 00:47:16.239077,0 days 04:22:14.837146,3,0.8227405735674398,0.1620083399062898,2.113747419201565,4,0.8409009793894525,60.09159929866748,3.3604424093201826,0.24396699043422512,28,12,7,0.5423408682778559,136.37869757429138,4.204821010014943,0.00043272927306088485,0.5140637646050208,6.746604932586802,1.165613837525591e-06,COMPLETE
31,871.6008035470862,2025-04-12 20:25:01.416346,2025-04-13 00:51:08.472863,0 days 04:26:07.056517,6,0.7496334108689462,0.09451012977166333,3.264908711646625,6,0.7380118039045398,66.80761719738992,7.793888894030766,0.27597557890710783,25,9,4,0.6018009074508623,95.57442459515188,7.8743772750640675,7.353538478877737e-05,0.571152782619249,6.172353282866873,3.154651390428568e-07,COMPLETE
32,685.4143856215499,2025-04-12 20:25:01.430785,2025-04-13 00:55:00.518238,0 days 04:29:59.087453,6,0.8075348486931854,0.0702845425996876,4.881020265887724,6,0.7380118039045398,80.06606398943028,5.030170475882274,0.31102933499147056,20,9,4,0.5921601406242664,117.65988254295556,6.67060478028649,0.0003127867482184976,0.6174790623811408,5.639910663728785,1.8575837327014024e-07,COMPLETE
33,633.4683278210191,2025-04-12 20:25:01.445363,2025-04-13 00:59:14.198404,0 days 04:34:12.753041,5,0.7104844300711214,0.10621207029290049,3.8167010724785415,2,0.7380118039045398,61.57980893132814,3.3604424093201826,0.24618759190583517,29,7,5,0.6411780075551866,68.53617666932367,9.033386996012633,0.0001525342151796965,0.49704236299132937,6.4646584662990305,4.696092625742332e-07,COMPLETE
34,881.3639487911016,2025-04-12 20:25:01.460548,2025-04-13 01:03:06.628184,0 days 04:38:05.167636,6,0.6801070024372295,0.05170650813531409,2.5342493829209323,3,0.6176573688008686,72.33117864015227,4.508312270918529,0.19700201643145293,26,12,4,0.5357346083222562,146.55691049357353,7.8743772750640675,7.353538478877737e-05,0.6074210883681297,8.786235180507717,1.2479648873912646e-06,COMPLETE
35,455.6347156347456,2025-04-12 20:25:01.476047,2025-04-13 01:20:41.932043,0 days 04:55:40.455996,7,0.7541452275573163,0.09013977416146024,5.928024169633634,5,0.5538237027877302,48.2691784126592,7.77387288585534,0.27597557890710783,20,10,5,0.5921601406242664,105.49756416518184,9.033386996012633,0.0005640818492501249,0.5465091180515518,5.246823877412233,3.2823379086679386e-07,COMPLETE
36,507.2161983008698,2025-04-12 20:25:01.490906,2025-04-13 01:33:41.560608,0 days 05:08:40.069702,7,0.8184896864351245,0.07054066947574746,6.989012511530387,2,0.5538237027877302,45.817609512092986,9.696476234629328,0.3760988294276581,21,12,5,0.5799138279781731,168.30424026902162,9.25627393032291,0.0005635083199727862,0.43719334569850343,4.9636868533621135,3.167977710807728e-06,COMPLETE
37,597.0786165382808,2025-04-12 20:25:01.505680,2025-04-13 01:38:36.978745,0 days 05:13:35.473065,8,0.8704175535192646,0.08831651881477984,5.901844814134637,3,0.5538237027877302,36.96976531325694,8.477588318493586,0.11789511285498841,14,11,5,0.5357346083222562,146.55691049357353,9.25627393032291,0.0007769146235201488,0.4960266332554615,2.0782176795602387,1.2479648873912646e-06,COMPLETE
38,684.853560014119,2025-04-12 20:25:01.520258,2025-04-13 01:42:29.837879,0 days 05:17:28.317621,7,0.7541452275573163,0.05170650813531409,5.901844814134637,4,0.8967194304459591,92.59415376510128,7.543955610073618,0.2644595836079768,29,7,7,0.7127533549443065,117.65988254295556,9.25627393032291,0.0001525342151796965,0.5525557718345222,5.458631749047563,5.519940264962001e-07,COMPLETE
39,454.3005861174608,2025-04-12 20:25:01.535144,2025-04-13 01:51:16.764031,0 days 05:26:15.228887,5,0.7295314110948663,0.06527563181890575,6.989012511530387,3,0.5538237027877302,54.75139238537941,6.165316929407728,0.2202259292197384,32,10,3,0.66326627883052,72.52666492321353,8.348082202476842,0.000975269172559425,0.4960266332554615,5.458631749047563,1.7542289155399155e-07,COMPLETE
40,522.7120255762137,2025-04-12 20:25:01.549742,2025-04-13 02:01:27.555623,0 days 05:36:26.005881,6,0.6907888518856979,0.0654965702784158,6.926514721614374,3,0.5538237027877302,54.93574663211819,6.049525717408411,0.3344620298811247,20,10,3,0.6918795674926936,66.76837137075216,8.21894581152554,0.0009955972630084908,0.4960266332554615,6.859700837217408,1.7093085674933333e-07,COMPLETE
41,434.3051695935666,2025-04-12 20:25:01.564658,2025-04-13 02:10:35.213973,0 days 05:45:33.649315,5,0.7208994713160737,0.06596734906498336,5.928024169633634,3,0.607377402775023,48.46219299102934,6.475285192643186,0.22213260863629833,32,10,3,0.662822157631647,94.98987407274906,9.382639518559367,0.0007408004255050807,0.44838537086313923,4.1410380240485924,3.669295333437519e-07,COMPLETE
42,609.8475418020384,2025-04-12 20:25:01.579658,2025-04-13 02:15:09.391156,0 days 05:50:07.811498,5,0.7588012737677141,0.06577138948839542,5.9089176446298035,3,0.5143758376894166,48.95941568285267,6.429835772796372,0.2235166506973286,30,10,2,0.6589393822976288,97.15390245984486,7.877280899254818,0.00047450303910201224,0.4454828185711195,4.398551566908751,1.5827399076088517e-07,COMPLETE
43,490.77699129731,2025-04-12 20:25:01.595235,2025-04-13 02:23:15.624147,0 days 05:58:14.028912,5,0.7372945742255218,0.07913161403562244,5.227881984060138,2,0.6076836242657742,56.98756691373163,7.38924398128121,0.2518217022705304,23,9,3,0.7330090564865744,75.13340298191125,9.326296560149968,0.0008249716907924396,0.4454828185711195,4.398551566908751,3.0053945277008476e-07,COMPLETE
44,493.7229999348196,2025-04-12 20:25:01.611246,2025-04-13 02:36:13.768731,0 days 06:11:12.157485,5,0.7087421357087137,0.08831651881477984,8.771910969203143,3,0.5661320811332193,41.263290153811724,5.654851322769613,0.2202259292197384,18,11,3,0.6274297080164121,97.15390245984486,8.706294835697909,0.0006518836986995051,0.5083932261099885,4.398551566908751,3.828794200724188e-07,COMPLETE
45,501.0201805522034,2025-04-12 20:25:01.626760,2025-04-13 02:50:37.907930,0 days 06:25:36.281170,5,0.7087421357087137,0.08831651881477984,8.771910969203143,3,0.5661320811332193,41.263290153811724,5.654851322769613,0.2202259292197384,18,11,3,0.6274297080164121,97.15390245984486,8.706294835697909,0.0006518836986995051,0.5083932261099885,4.398551566908751,3.828794200724188e-07,COMPLETE
46,458.6228634795284,2025-04-12 20:25:01.642122,2025-04-13 03:03:37.997423,0 days 06:38:36.355301,6,0.6628293579841573,0.06458891561589519,6.786088900337827,2,0.6076836242657742,48.95941568285267,6.429835772796372,0.19992539787943103,30,12,4,0.6589393822976288,51.976509869501044,7.618537596916393,0.00039239680592906826,0.5433773140187237,2.855615067726592,1.0558986769579436e-07,COMPLETE
47,447.9867514092525,2025-04-12 20:25:01.657918,2025-04-13 03:21:13.983901,0 days 06:56:12.325983,7,0.6301439991885139,0.06458891561589519,6.808407996243668,4,0.6077996303151854,31.17477642026585,8.045718128804268,0.18014146583404325,30,15,2,0.6584993385465457,51.976509869501044,6.855314552684314,0.0005225466473316279,0.46329422955326327,3.207520120963079,1.0894704744294381e-07,COMPLETE
48,454.07124222335403,2025-04-12 20:25:01.673457,2025-04-13 03:38:48.176548,0 days 07:13:46.503091,7,0.6301439991885139,0.050724759795589824,8.331460121888139,5,0.6750348685071612,26.569413817923465,8.045718128804268,0.29803987408005506,30,14,2,0.676562231234317,56.482146381182105,6.855314552684314,0.0005225466473316279,0.46329422955326327,3.0423463852770722,2.254055611523305e-07,COMPLETE
49,599.8887071764751,2025-04-12 20:25:01.689366,2025-04-13 03:43:22.507220,0 days 07:18:20.817854,8,0.5985262240625665,0.050397117283315064,9.71021188101414,4,0.6750348685071612,24.117476277247338,8.498739833464148,0.4208799472720689,32,14,2,0.7045201945571028,57.72705158933272,6.607950076147073,0.0002629251744170693,0.4053031283422131,3.335109837496026,2.173856786640664e-07,COMPLETE
